<?xml version="1.0" encoding="UTF-8"?>
<!-- Generated by org.testng.reporters.JUnitXMLReporter -->
<testsuite ignored="0" hostname="DESKTOP-PNUJ0D3" failures="0" tests="3" name="Default test" time="13.271" errors="0" timestamp="2020-11-19T07:10:18 IST">
  <testcase classname="TestNG.TestNG.ExtentReport.ExtentReportVersion4" name="googleSearch" time="2.064"/>
  <testcase classname="TestNG.TestNG.ExtentReport.ExtentReportVersion4" name="backToPage" time="0.288"/>
  <testcase classname="TestNG.TestNG.ExtentReport.ExtentReportVersion4" name="forwardToPage" time="0.771"/>
</testsuite> <!-- Default test -->
