<?xml version="1.0" encoding="UTF-8"?>
<!-- Generated by org.testng.reporters.JUnitXMLReporter -->
<testsuite ignored="0" hostname="DESKTOP-PNUJ0D3" failures="0" tests="3" name="Test" time="13.014" errors="0" timestamp="2020-11-19T07:09:18 IST">
  <testcase classname="TestNG.TestNG.ExtentReport.ExtentReportVersion4" name="googleSearch" time="2.173"/>
  <testcase classname="TestNG.TestNG.ExtentReport.ExtentReportVersion4" name="backToPage" time="0.244"/>
  <testcase classname="TestNG.TestNG.ExtentReport.ExtentReportVersion4" name="forwardToPage" time="0.503"/>
</testsuite> <!-- Test -->
