<?xml version="1.0" encoding="UTF-8"?>
<!-- Generated by org.testng.reporters.JUnitXMLReporter -->
<testsuite ignored="0" hostname="DESKTOP-PNUJ0D3" failures="0" tests="3" name="Test" time="13.158" errors="0" timestamp="2020-11-19T07:15:08 IST">
  <testcase classname="TestNG.TestNG.ExtentReport.ExtentReportVersion4" name="googleSearch" time="1.066"/>
  <testcase classname="TestNG.TestNG.ExtentReport.ExtentReportVersion4" name="backToPage" time="0.339"/>
  <testcase classname="TestNG.TestNG.ExtentReport.ExtentReportVersion4" name="forwardToPage" time="0.416"/>
</testsuite> <!-- Test -->
