<?xml version="1.0" encoding="UTF-8"?>
<testng-results ignored="0" total="3" passed="3" failed="0" skipped="0">
  <reporter-output>
  </reporter-output>
  <suite started-at="2020-11-19T07:14:55 IST" name="Suite" finished-at="2020-11-19T07:15:08 IST" duration-ms="13158">
    <groups>
    </groups>
    <test started-at="2020-11-19T07:14:55 IST" name="Test" finished-at="2020-11-19T07:15:08 IST" duration-ms="13158">
      <class name="TestNG.TestNG.ExtentReport.ExtentReportVersion4">
        <test-method is-config="true" signature="setUp()[pri:0, instance:TestNG.TestNG.ExtentReport.ExtentReportVersion4@6b8ca3c8]" started-at="2020-11-19T07:14:55 IST" name="setUp" description="BROWSER SETUP" finished-at="2020-11-19T07:15:05 IST" duration-ms="10060" status="PASS">
          <reporter-output>
          </reporter-output>
        </test-method> <!-- setUp -->
        <test-method signature="googleSearch()[pri:1, instance:TestNG.TestNG.ExtentReport.ExtentReportVersion4@6b8ca3c8]" started-at="2020-11-19T07:15:06 IST" name="googleSearch" finished-at="2020-11-19T07:15:07 IST" duration-ms="1066" status="PASS">
          <reporter-output>
          </reporter-output>
        </test-method> <!-- googleSearch -->
        <test-method signature="backToPage()[pri:2, instance:TestNG.TestNG.ExtentReport.ExtentReportVersion4@6b8ca3c8]" started-at="2020-11-19T07:15:07 IST" name="backToPage" finished-at="2020-11-19T07:15:07 IST" duration-ms="339" status="PASS">
          <reporter-output>
          </reporter-output>
        </test-method> <!-- backToPage -->
        <test-method signature="forwardToPage()[pri:3, instance:TestNG.TestNG.ExtentReport.ExtentReportVersion4@6b8ca3c8]" started-at="2020-11-19T07:15:07 IST" name="forwardToPage" finished-at="2020-11-19T07:15:07 IST" duration-ms="416" status="PASS">
          <reporter-output>
          </reporter-output>
        </test-method> <!-- forwardToPage -->
        <test-method is-config="true" signature="tearDown()[pri:0, instance:TestNG.TestNG.ExtentReport.ExtentReportVersion4@6b8ca3c8]" started-at="2020-11-19T07:15:07 IST" name="tearDown" description="BROWSER TEAR DOWN" finished-at="2020-11-19T07:15:08 IST" duration-ms="349" status="PASS">
          <reporter-output>
          </reporter-output>
        </test-method> <!-- tearDown -->
      </class> <!-- TestNG.TestNG.ExtentReport.ExtentReportVersion4 -->
    </test> <!-- Test -->
  </suite> <!-- Suite -->
</testng-results>
