<?xml version="1.0" encoding="UTF-8"?>
<testng-results ignored="0" total="3" passed="3" failed="0" skipped="0">
  <reporter-output>
  </reporter-output>
  <suite started-at="2020-11-19T07:10:05 IST" name="Default suite" finished-at="2020-11-19T07:10:18 IST" duration-ms="13271">
    <groups>
    </groups>
    <test started-at="2020-11-19T07:10:05 IST" name="Default test" finished-at="2020-11-19T07:10:18 IST" duration-ms="13271">
      <class name="TestNG.TestNG.ExtentReport.ExtentReportVersion4">
        <test-method is-config="true" signature="setUp()[pri:0, instance:TestNG.TestNG.ExtentReport.ExtentReportVersion4@3c73951]" started-at="2020-11-19T07:10:05 IST" name="setUp" description="BROWSER SETUP" finished-at="2020-11-19T07:10:15 IST" duration-ms="9706" status="PASS">
          <reporter-output>
          </reporter-output>
        </test-method> <!-- setUp -->
        <test-method signature="googleSearch()[pri:1, instance:TestNG.TestNG.ExtentReport.ExtentReportVersion4@3c73951]" started-at="2020-11-19T07:10:15 IST" name="googleSearch" finished-at="2020-11-19T07:10:17 IST" duration-ms="2064" status="PASS">
          <reporter-output>
          </reporter-output>
        </test-method> <!-- googleSearch -->
        <test-method signature="backToPage()[pri:2, instance:TestNG.TestNG.ExtentReport.ExtentReportVersion4@3c73951]" started-at="2020-11-19T07:10:17 IST" name="backToPage" finished-at="2020-11-19T07:10:17 IST" duration-ms="288" status="PASS">
          <reporter-output>
          </reporter-output>
        </test-method> <!-- backToPage -->
        <test-method signature="forwardToPage()[pri:3, instance:TestNG.TestNG.ExtentReport.ExtentReportVersion4@3c73951]" started-at="2020-11-19T07:10:17 IST" name="forwardToPage" finished-at="2020-11-19T07:10:18 IST" duration-ms="771" status="PASS">
          <reporter-output>
          </reporter-output>
        </test-method> <!-- forwardToPage -->
        <test-method is-config="true" signature="tearDown()[pri:0, instance:TestNG.TestNG.ExtentReport.ExtentReportVersion4@3c73951]" started-at="2020-11-19T07:10:18 IST" name="tearDown" description="BROWSER TEAR DOWN" finished-at="2020-11-19T07:10:18 IST" duration-ms="332" status="PASS">
          <reporter-output>
          </reporter-output>
        </test-method> <!-- tearDown -->
      </class> <!-- TestNG.TestNG.ExtentReport.ExtentReportVersion4 -->
    </test> <!-- Default test -->
  </suite> <!-- Default suite -->
</testng-results>
